2011/11/24 18:15:02 [error] [php] date() [<a href='function.date'>function.date</a>]: It is not safe to rely on the system's timezone settings. You are *required* to use the date.timezone setting or the date_default_timezone_set() function. In case you used any of those methods and you are still getting this warning, you most likely misspelled the timezone identifier. We selected 'UTC' for 'GMT/0.0/no DST' instead (/Users/derekorgan/Sites/docaid/www/protected/views/layouts/main.php:48)
Stack trace:
#0 /Users/derekorgan/Sites/docaid/framework/web/CBaseController.php(88): SiteController->renderInternal()
#1 /Users/derekorgan/Sites/docaid/framework/web/widgets/CContentDecorator.php(78): SiteController->renderFile()
#2 /Users/derekorgan/Sites/docaid/framework/web/widgets/CContentDecorator.php(56): CContentDecorator->decorate()
#3 /Users/derekorgan/Sites/docaid/framework/web/widgets/COutputProcessor.php(45): CContentDecorator->processOutput()
#4 /Users/derekorgan/Sites/docaid/framework/web/CBaseController.php(199): CContentDecorator->run()
#5 /Users/derekorgan/Sites/docaid/framework/web/CBaseController.php(294): SiteController->endWidget()
#6 /Users/derekorgan/Sites/docaid/www/protected/views/layouts/column1.php(7): SiteController->endContent()
#7 /Users/derekorgan/Sites/docaid/framework/web/CBaseController.php(119): require()
#8 /Users/derekorgan/Sites/docaid/framework/web/CBaseController.php(88): SiteController->renderInternal()
#9 /Users/derekorgan/Sites/docaid/framework/web/CController.php(781): SiteController->renderFile()
#10 /Users/derekorgan/Sites/docaid/www/protected/controllers/SiteController.php(32): SiteController->render()
#11 /Users/derekorgan/Sites/docaid/framework/web/actions/CInlineAction.php(50): SiteController->actionIndex()
#12 /Users/derekorgan/Sites/docaid/framework/web/CController.php(300): CInlineAction->runWithParams()
#13 /Users/derekorgan/Sites/docaid/framework/web/CController.php(278): SiteController->runAction()
#14 /Users/derekorgan/Sites/docaid/framework/web/CController.php(257): SiteController->runActionWithFilters()
#15 /Users/derekorgan/Sites/docaid/framework/web/CWebApplication.php(277): SiteController->run()
#16 /Users/derekorgan/Sites/docaid/framework/web/CWebApplication.php(136): CWebApplication->runController()
#17 /Users/derekorgan/Sites/docaid/framework/base/CApplication.php(158): CWebApplication->processRequest()
#18 /Users/derekorgan/Sites/docaid/www/index.php(13): CWebApplication->run()
REQUEST_URI=/
in /Users/derekorgan/Sites/docaid/www/protected/views/layouts/main.php (48)
in /Users/derekorgan/Sites/docaid/www/protected/views/layouts/column1.php (7)
in /Users/derekorgan/Sites/docaid/www/protected/controllers/SiteController.php (32)
2011/11/24 18:31:57 [error] [php] date() [<a href='function.date'>function.date</a>]: It is not safe to rely on the system's timezone settings. You are *required* to use the date.timezone setting or the date_default_timezone_set() function. In case you used any of those methods and you are still getting this warning, you most likely misspelled the timezone identifier. We selected 'UTC' for 'GMT/0.0/no DST' instead (/Users/derekorgan/Sites/docaid/www/protected/views/layouts/main.php:48)
Stack trace:
#0 /Users/derekorgan/Sites/docaid/framework/web/CBaseController.php(88): SiteController->renderInternal()
#1 /Users/derekorgan/Sites/docaid/framework/web/widgets/CContentDecorator.php(78): SiteController->renderFile()
#2 /Users/derekorgan/Sites/docaid/framework/web/widgets/CContentDecorator.php(56): CContentDecorator->decorate()
#3 /Users/derekorgan/Sites/docaid/framework/web/widgets/COutputProcessor.php(45): CContentDecorator->processOutput()
#4 /Users/derekorgan/Sites/docaid/framework/web/CBaseController.php(199): CContentDecorator->run()
#5 /Users/derekorgan/Sites/docaid/framework/web/CBaseController.php(294): SiteController->endWidget()
#6 /Users/derekorgan/Sites/docaid/www/protected/views/layouts/column1.php(7): SiteController->endContent()
#7 /Users/derekorgan/Sites/docaid/framework/web/CBaseController.php(119): require()
#8 /Users/derekorgan/Sites/docaid/framework/web/CBaseController.php(88): SiteController->renderInternal()
#9 /Users/derekorgan/Sites/docaid/framework/web/CController.php(781): SiteController->renderFile()
#10 /Users/derekorgan/Sites/docaid/www/protected/controllers/SiteController.php(32): SiteController->render()
#11 /Users/derekorgan/Sites/docaid/framework/web/actions/CInlineAction.php(50): SiteController->actionIndex()
#12 /Users/derekorgan/Sites/docaid/framework/web/CController.php(300): CInlineAction->runWithParams()
#13 /Users/derekorgan/Sites/docaid/framework/web/CController.php(278): SiteController->runAction()
#14 /Users/derekorgan/Sites/docaid/framework/web/CController.php(257): SiteController->runActionWithFilters()
#15 /Users/derekorgan/Sites/docaid/framework/web/CWebApplication.php(277): SiteController->run()
#16 /Users/derekorgan/Sites/docaid/framework/web/CWebApplication.php(136): CWebApplication->runController()
#17 /Users/derekorgan/Sites/docaid/framework/base/CApplication.php(158): CWebApplication->processRequest()
#18 /Users/derekorgan/Sites/docaid/www/index.php(15): CWebApplication->run()
REQUEST_URI=/
in /Users/derekorgan/Sites/docaid/www/protected/views/layouts/main.php (48)
in /Users/derekorgan/Sites/docaid/www/protected/views/layouts/column1.php (7)
in /Users/derekorgan/Sites/docaid/www/protected/controllers/SiteController.php (32)
2011/11/24 18:31:59 [error] [php] date() [<a href='function.date'>function.date</a>]: It is not safe to rely on the system's timezone settings. You are *required* to use the date.timezone setting or the date_default_timezone_set() function. In case you used any of those methods and you are still getting this warning, you most likely misspelled the timezone identifier. We selected 'UTC' for 'GMT/0.0/no DST' instead (/Users/derekorgan/Sites/docaid/www/protected/views/layouts/main.php:48)
Stack trace:
#0 /Users/derekorgan/Sites/docaid/framework/web/CBaseController.php(88): SiteController->renderInternal()
#1 /Users/derekorgan/Sites/docaid/framework/web/widgets/CContentDecorator.php(78): SiteController->renderFile()
#2 /Users/derekorgan/Sites/docaid/framework/web/widgets/CContentDecorator.php(56): CContentDecorator->decorate()
#3 /Users/derekorgan/Sites/docaid/framework/web/widgets/COutputProcessor.php(45): CContentDecorator->processOutput()
#4 /Users/derekorgan/Sites/docaid/framework/web/CBaseController.php(199): CContentDecorator->run()
#5 /Users/derekorgan/Sites/docaid/framework/web/CBaseController.php(294): SiteController->endWidget()
#6 /Users/derekorgan/Sites/docaid/www/protected/views/layouts/column1.php(7): SiteController->endContent()
#7 /Users/derekorgan/Sites/docaid/framework/web/CBaseController.php(119): require()
#8 /Users/derekorgan/Sites/docaid/framework/web/CBaseController.php(88): SiteController->renderInternal()
#9 /Users/derekorgan/Sites/docaid/framework/web/CController.php(781): SiteController->renderFile()
#10 /Users/derekorgan/Sites/docaid/www/protected/controllers/SiteController.php(32): SiteController->render()
#11 /Users/derekorgan/Sites/docaid/framework/web/actions/CInlineAction.php(50): SiteController->actionIndex()
#12 /Users/derekorgan/Sites/docaid/framework/web/CController.php(300): CInlineAction->runWithParams()
#13 /Users/derekorgan/Sites/docaid/framework/web/CController.php(278): SiteController->runAction()
#14 /Users/derekorgan/Sites/docaid/framework/web/CController.php(257): SiteController->runActionWithFilters()
#15 /Users/derekorgan/Sites/docaid/framework/web/CWebApplication.php(277): SiteController->run()
#16 /Users/derekorgan/Sites/docaid/framework/web/CWebApplication.php(136): CWebApplication->runController()
#17 /Users/derekorgan/Sites/docaid/framework/base/CApplication.php(158): CWebApplication->processRequest()
#18 /Users/derekorgan/Sites/docaid/www/index.php(15): CWebApplication->run()
REQUEST_URI=/
in /Users/derekorgan/Sites/docaid/www/protected/views/layouts/main.php (48)
in /Users/derekorgan/Sites/docaid/www/protected/views/layouts/column1.php (7)
in /Users/derekorgan/Sites/docaid/www/protected/controllers/SiteController.php (32)
2011/11/24 18:32:04 [error] [php] date() [<a href='function.date'>function.date</a>]: It is not safe to rely on the system's timezone settings. You are *required* to use the date.timezone setting or the date_default_timezone_set() function. In case you used any of those methods and you are still getting this warning, you most likely misspelled the timezone identifier. We selected 'UTC' for 'GMT/0.0/no DST' instead (/Users/derekorgan/Sites/docaid/www/protected/views/layouts/main.php:48)
Stack trace:
#0 /Users/derekorgan/Sites/docaid/framework/web/CBaseController.php(88): SiteController->renderInternal()
#1 /Users/derekorgan/Sites/docaid/framework/web/widgets/CContentDecorator.php(78): SiteController->renderFile()
#2 /Users/derekorgan/Sites/docaid/framework/web/widgets/CContentDecorator.php(56): CContentDecorator->decorate()
#3 /Users/derekorgan/Sites/docaid/framework/web/widgets/COutputProcessor.php(45): CContentDecorator->processOutput()
#4 /Users/derekorgan/Sites/docaid/framework/web/CBaseController.php(199): CContentDecorator->run()
#5 /Users/derekorgan/Sites/docaid/framework/web/CBaseController.php(294): SiteController->endWidget()
#6 /Users/derekorgan/Sites/docaid/www/protected/views/layouts/column1.php(7): SiteController->endContent()
#7 /Users/derekorgan/Sites/docaid/framework/web/CBaseController.php(119): require()
#8 /Users/derekorgan/Sites/docaid/framework/web/CBaseController.php(88): SiteController->renderInternal()
#9 /Users/derekorgan/Sites/docaid/framework/web/CController.php(781): SiteController->renderFile()
#10 /Users/derekorgan/Sites/docaid/www/protected/controllers/SiteController.php(32): SiteController->render()
#11 /Users/derekorgan/Sites/docaid/framework/web/actions/CInlineAction.php(50): SiteController->actionIndex()
#12 /Users/derekorgan/Sites/docaid/framework/web/CController.php(300): CInlineAction->runWithParams()
#13 /Users/derekorgan/Sites/docaid/framework/web/CController.php(278): SiteController->runAction()
#14 /Users/derekorgan/Sites/docaid/framework/web/CController.php(257): SiteController->runActionWithFilters()
#15 /Users/derekorgan/Sites/docaid/framework/web/CWebApplication.php(277): SiteController->run()
#16 /Users/derekorgan/Sites/docaid/framework/web/CWebApplication.php(136): CWebApplication->runController()
#17 /Users/derekorgan/Sites/docaid/framework/base/CApplication.php(158): CWebApplication->processRequest()
#18 /Users/derekorgan/Sites/docaid/www/index.php(15): CWebApplication->run()
REQUEST_URI=/
in /Users/derekorgan/Sites/docaid/www/protected/views/layouts/main.php (48)
in /Users/derekorgan/Sites/docaid/www/protected/views/layouts/column1.php (7)
in /Users/derekorgan/Sites/docaid/www/protected/controllers/SiteController.php (32)
2011/11/24 18:35:50 [error] [php] date() [<a href='function.date'>function.date</a>]: It is not safe to rely on the system's timezone settings. You are *required* to use the date.timezone setting or the date_default_timezone_set() function. In case you used any of those methods and you are still getting this warning, you most likely misspelled the timezone identifier. We selected 'UTC' for 'GMT/0.0/no DST' instead (/Users/derekorgan/Sites/docaid/www/protected/views/layouts/main.php:48)
Stack trace:
#0 /Users/derekorgan/Sites/docaid/framework/web/CBaseController.php(88): SiteController->renderInternal()
#1 /Users/derekorgan/Sites/docaid/framework/web/widgets/CContentDecorator.php(78): SiteController->renderFile()
#2 /Users/derekorgan/Sites/docaid/framework/web/widgets/CContentDecorator.php(56): CContentDecorator->decorate()
#3 /Users/derekorgan/Sites/docaid/framework/web/widgets/COutputProcessor.php(45): CContentDecorator->processOutput()
#4 /Users/derekorgan/Sites/docaid/framework/web/CBaseController.php(199): CContentDecorator->run()
#5 /Users/derekorgan/Sites/docaid/framework/web/CBaseController.php(294): SiteController->endWidget()
#6 /Users/derekorgan/Sites/docaid/www/protected/views/layouts/column1.php(7): SiteController->endContent()
#7 /Users/derekorgan/Sites/docaid/framework/web/CBaseController.php(119): require()
#8 /Users/derekorgan/Sites/docaid/framework/web/CBaseController.php(88): SiteController->renderInternal()
#9 /Users/derekorgan/Sites/docaid/framework/web/CController.php(781): SiteController->renderFile()
#10 /Users/derekorgan/Sites/docaid/www/protected/controllers/SiteController.php(32): SiteController->render()
#11 /Users/derekorgan/Sites/docaid/framework/web/actions/CInlineAction.php(50): SiteController->actionIndex()
#12 /Users/derekorgan/Sites/docaid/framework/web/CController.php(300): CInlineAction->runWithParams()
#13 /Users/derekorgan/Sites/docaid/framework/web/CController.php(278): SiteController->runAction()
#14 /Users/derekorgan/Sites/docaid/framework/web/CController.php(257): SiteController->runActionWithFilters()
#15 /Users/derekorgan/Sites/docaid/framework/web/CWebApplication.php(277): SiteController->run()
#16 /Users/derekorgan/Sites/docaid/framework/web/CWebApplication.php(136): CWebApplication->runController()
#17 /Users/derekorgan/Sites/docaid/framework/base/CApplication.php(158): CWebApplication->processRequest()
#18 /Users/derekorgan/Sites/docaid/www/index.php(15): CWebApplication->run()
REQUEST_URI=/
in /Users/derekorgan/Sites/docaid/www/protected/views/layouts/main.php (48)
in /Users/derekorgan/Sites/docaid/www/protected/views/layouts/column1.php (7)
in /Users/derekorgan/Sites/docaid/www/protected/controllers/SiteController.php (32)
2011/11/24 18:37:28 [error] [php] date(): It is not safe to rely on the system's timezone settings. You are *required* to use the date.timezone setting or the date_default_timezone_set() function. In case you used any of those methods and you are still getting this warning, you most likely misspelled the timezone identifier. We selected 'UTC' for 'GMT/0.0/no DST' instead (/Users/derekorgan/Sites/docaid/www/protected/views/layouts/main.php:48)
Stack trace:
#0 /Users/derekorgan/Sites/docaid/framework/web/CBaseController.php(88): SiteController->renderInternal()
#1 /Users/derekorgan/Sites/docaid/framework/web/widgets/CContentDecorator.php(78): SiteController->renderFile()
#2 /Users/derekorgan/Sites/docaid/framework/web/widgets/CContentDecorator.php(56): CContentDecorator->decorate()
#3 /Users/derekorgan/Sites/docaid/framework/web/widgets/COutputProcessor.php(45): CContentDecorator->processOutput()
#4 /Users/derekorgan/Sites/docaid/framework/web/CBaseController.php(199): CContentDecorator->run()
#5 /Users/derekorgan/Sites/docaid/framework/web/CBaseController.php(294): SiteController->endWidget()
#6 /Users/derekorgan/Sites/docaid/www/protected/views/layouts/column1.php(7): SiteController->endContent()
#7 /Users/derekorgan/Sites/docaid/framework/web/CBaseController.php(119): require()
#8 /Users/derekorgan/Sites/docaid/framework/web/CBaseController.php(88): SiteController->renderInternal()
#9 /Users/derekorgan/Sites/docaid/framework/web/CController.php(781): SiteController->renderFile()
#10 /Users/derekorgan/Sites/docaid/www/protected/controllers/SiteController.php(32): SiteController->render()
#11 /Users/derekorgan/Sites/docaid/framework/web/actions/CInlineAction.php(50): SiteController->actionIndex()
#12 /Users/derekorgan/Sites/docaid/framework/web/CController.php(300): CInlineAction->runWithParams()
#13 /Users/derekorgan/Sites/docaid/framework/web/CController.php(278): SiteController->runAction()
#14 /Users/derekorgan/Sites/docaid/framework/web/CController.php(257): SiteController->runActionWithFilters()
#15 /Users/derekorgan/Sites/docaid/framework/web/CWebApplication.php(277): SiteController->run()
#16 /Users/derekorgan/Sites/docaid/framework/web/CWebApplication.php(136): CWebApplication->runController()
#17 /Users/derekorgan/Sites/docaid/framework/base/CApplication.php(158): CWebApplication->processRequest()
#18 /Users/derekorgan/Sites/docaid/www/index.php(15): CWebApplication->run()
REQUEST_URI=/
in /Users/derekorgan/Sites/docaid/www/protected/views/layouts/main.php (48)
in /Users/derekorgan/Sites/docaid/www/protected/views/layouts/column1.php (7)
in /Users/derekorgan/Sites/docaid/www/protected/controllers/SiteController.php (32)
2011/11/24 18:39:43 [error] [php] date(): It is not safe to rely on the system's timezone settings. You are *required* to use the date.timezone setting or the date_default_timezone_set() function. In case you used any of those methods and you are still getting this warning, you most likely misspelled the timezone identifier. We selected 'UTC' for 'GMT/0.0/no DST' instead (/Users/derekorgan/Sites/docaid/www/protected/views/layouts/main.php:48)
Stack trace:
#0 /Users/derekorgan/Sites/docaid/framework/web/CBaseController.php(88): SiteController->renderInternal()
#1 /Users/derekorgan/Sites/docaid/framework/web/widgets/CContentDecorator.php(78): SiteController->renderFile()
#2 /Users/derekorgan/Sites/docaid/framework/web/widgets/CContentDecorator.php(56): CContentDecorator->decorate()
#3 /Users/derekorgan/Sites/docaid/framework/web/widgets/COutputProcessor.php(45): CContentDecorator->processOutput()
#4 /Users/derekorgan/Sites/docaid/framework/web/CBaseController.php(199): CContentDecorator->run()
#5 /Users/derekorgan/Sites/docaid/framework/web/CBaseController.php(294): SiteController->endWidget()
#6 /Users/derekorgan/Sites/docaid/www/protected/views/layouts/column1.php(7): SiteController->endContent()
#7 /Users/derekorgan/Sites/docaid/framework/web/CBaseController.php(119): require()
#8 /Users/derekorgan/Sites/docaid/framework/web/CBaseController.php(88): SiteController->renderInternal()
#9 /Users/derekorgan/Sites/docaid/framework/web/CController.php(781): SiteController->renderFile()
#10 /Users/derekorgan/Sites/docaid/www/protected/controllers/SiteController.php(32): SiteController->render()
#11 /Users/derekorgan/Sites/docaid/framework/web/actions/CInlineAction.php(50): SiteController->actionIndex()
#12 /Users/derekorgan/Sites/docaid/framework/web/CController.php(300): CInlineAction->runWithParams()
#13 /Users/derekorgan/Sites/docaid/framework/web/CController.php(278): SiteController->runAction()
#14 /Users/derekorgan/Sites/docaid/framework/web/CController.php(257): SiteController->runActionWithFilters()
#15 /Users/derekorgan/Sites/docaid/framework/web/CWebApplication.php(277): SiteController->run()
#16 /Users/derekorgan/Sites/docaid/framework/web/CWebApplication.php(136): CWebApplication->runController()
#17 /Users/derekorgan/Sites/docaid/framework/base/CApplication.php(158): CWebApplication->processRequest()
#18 /Users/derekorgan/Sites/docaid/www/index.php(15): CWebApplication->run()
REQUEST_URI=/
in /Users/derekorgan/Sites/docaid/www/protected/views/layouts/main.php (48)
in /Users/derekorgan/Sites/docaid/www/protected/views/layouts/column1.php (7)
in /Users/derekorgan/Sites/docaid/www/protected/controllers/SiteController.php (32)
2011/11/24 18:39:45 [error] [php] date(): It is not safe to rely on the system's timezone settings. You are *required* to use the date.timezone setting or the date_default_timezone_set() function. In case you used any of those methods and you are still getting this warning, you most likely misspelled the timezone identifier. We selected 'UTC' for 'GMT/0.0/no DST' instead (/Users/derekorgan/Sites/docaid/www/protected/views/layouts/main.php:48)
Stack trace:
#0 /Users/derekorgan/Sites/docaid/framework/web/CBaseController.php(88): SiteController->renderInternal()
#1 /Users/derekorgan/Sites/docaid/framework/web/widgets/CContentDecorator.php(78): SiteController->renderFile()
#2 /Users/derekorgan/Sites/docaid/framework/web/widgets/CContentDecorator.php(56): CContentDecorator->decorate()
#3 /Users/derekorgan/Sites/docaid/framework/web/widgets/COutputProcessor.php(45): CContentDecorator->processOutput()
#4 /Users/derekorgan/Sites/docaid/framework/web/CBaseController.php(199): CContentDecorator->run()
#5 /Users/derekorgan/Sites/docaid/framework/web/CBaseController.php(294): SiteController->endWidget()
#6 /Users/derekorgan/Sites/docaid/www/protected/views/layouts/column1.php(7): SiteController->endContent()
#7 /Users/derekorgan/Sites/docaid/framework/web/CBaseController.php(119): require()
#8 /Users/derekorgan/Sites/docaid/framework/web/CBaseController.php(88): SiteController->renderInternal()
#9 /Users/derekorgan/Sites/docaid/framework/web/CController.php(781): SiteController->renderFile()
#10 /Users/derekorgan/Sites/docaid/www/protected/controllers/SiteController.php(32): SiteController->render()
#11 /Users/derekorgan/Sites/docaid/framework/web/actions/CInlineAction.php(50): SiteController->actionIndex()
#12 /Users/derekorgan/Sites/docaid/framework/web/CController.php(300): CInlineAction->runWithParams()
#13 /Users/derekorgan/Sites/docaid/framework/web/CController.php(278): SiteController->runAction()
#14 /Users/derekorgan/Sites/docaid/framework/web/CController.php(257): SiteController->runActionWithFilters()
#15 /Users/derekorgan/Sites/docaid/framework/web/CWebApplication.php(277): SiteController->run()
#16 /Users/derekorgan/Sites/docaid/framework/web/CWebApplication.php(136): CWebApplication->runController()
#17 /Users/derekorgan/Sites/docaid/framework/base/CApplication.php(158): CWebApplication->processRequest()
#18 /Users/derekorgan/Sites/docaid/www/index.php(15): CWebApplication->run()
REQUEST_URI=/
in /Users/derekorgan/Sites/docaid/www/protected/views/layouts/main.php (48)
in /Users/derekorgan/Sites/docaid/www/protected/views/layouts/column1.php (7)
in /Users/derekorgan/Sites/docaid/www/protected/controllers/SiteController.php (32)
2011/11/24 18:39:49 [error] [php] date(): It is not safe to rely on the system's timezone settings. You are *required* to use the date.timezone setting or the date_default_timezone_set() function. In case you used any of those methods and you are still getting this warning, you most likely misspelled the timezone identifier. We selected 'UTC' for 'GMT/0.0/no DST' instead (/Users/derekorgan/Sites/docaid/www/protected/views/layouts/main.php:48)
Stack trace:
#0 /Users/derekorgan/Sites/docaid/framework/web/CBaseController.php(88): SiteController->renderInternal()
#1 /Users/derekorgan/Sites/docaid/framework/web/widgets/CContentDecorator.php(78): SiteController->renderFile()
#2 /Users/derekorgan/Sites/docaid/framework/web/widgets/CContentDecorator.php(56): CContentDecorator->decorate()
#3 /Users/derekorgan/Sites/docaid/framework/web/widgets/COutputProcessor.php(45): CContentDecorator->processOutput()
#4 /Users/derekorgan/Sites/docaid/framework/web/CBaseController.php(199): CContentDecorator->run()
#5 /Users/derekorgan/Sites/docaid/framework/web/CBaseController.php(294): SiteController->endWidget()
#6 /Users/derekorgan/Sites/docaid/www/protected/views/layouts/column1.php(7): SiteController->endContent()
#7 /Users/derekorgan/Sites/docaid/framework/web/CBaseController.php(119): require()
#8 /Users/derekorgan/Sites/docaid/framework/web/CBaseController.php(88): SiteController->renderInternal()
#9 /Users/derekorgan/Sites/docaid/framework/web/CController.php(781): SiteController->renderFile()
#10 /Users/derekorgan/Sites/docaid/www/protected/controllers/SiteController.php(32): SiteController->render()
#11 /Users/derekorgan/Sites/docaid/framework/web/actions/CInlineAction.php(50): SiteController->actionIndex()
#12 /Users/derekorgan/Sites/docaid/framework/web/CController.php(300): CInlineAction->runWithParams()
#13 /Users/derekorgan/Sites/docaid/framework/web/CController.php(278): SiteController->runAction()
#14 /Users/derekorgan/Sites/docaid/framework/web/CController.php(257): SiteController->runActionWithFilters()
#15 /Users/derekorgan/Sites/docaid/framework/web/CWebApplication.php(277): SiteController->run()
#16 /Users/derekorgan/Sites/docaid/framework/web/CWebApplication.php(136): CWebApplication->runController()
#17 /Users/derekorgan/Sites/docaid/framework/base/CApplication.php(158): CWebApplication->processRequest()
#18 /Users/derekorgan/Sites/docaid/www/index.php(15): CWebApplication->run()
REQUEST_URI=/
in /Users/derekorgan/Sites/docaid/www/protected/views/layouts/main.php (48)
in /Users/derekorgan/Sites/docaid/www/protected/views/layouts/column1.php (7)
in /Users/derekorgan/Sites/docaid/www/protected/controllers/SiteController.php (32)
2011/11/24 18:59:28 [error] [php] date() [<a href='function.date'>function.date</a>]: It is not safe to rely on the system's timezone settings. You are *required* to use the date.timezone setting or the date_default_timezone_set() function. In case you used any of those methods and you are still getting this warning, you most likely misspelled the timezone identifier. We selected 'UTC' for 'GMT/0.0/no DST' instead (/Users/derekorgan/Sites/docaid/www/protected/views/layouts/main.php:48)
Stack trace:
#0 /Users/derekorgan/Sites/docaid/framework/web/CBaseController.php(88): SiteController->renderInternal()
#1 /Users/derekorgan/Sites/docaid/framework/web/widgets/CContentDecorator.php(78): SiteController->renderFile()
#2 /Users/derekorgan/Sites/docaid/framework/web/widgets/CContentDecorator.php(56): CContentDecorator->decorate()
#3 /Users/derekorgan/Sites/docaid/framework/web/widgets/COutputProcessor.php(45): CContentDecorator->processOutput()
#4 /Users/derekorgan/Sites/docaid/framework/web/CBaseController.php(199): CContentDecorator->run()
#5 /Users/derekorgan/Sites/docaid/framework/web/CBaseController.php(294): SiteController->endWidget()
#6 /Users/derekorgan/Sites/docaid/www/protected/views/layouts/column1.php(7): SiteController->endContent()
#7 /Users/derekorgan/Sites/docaid/framework/web/CBaseController.php(119): require()
#8 /Users/derekorgan/Sites/docaid/framework/web/CBaseController.php(88): SiteController->renderInternal()
#9 /Users/derekorgan/Sites/docaid/framework/web/CController.php(781): SiteController->renderFile()
#10 /Users/derekorgan/Sites/docaid/www/protected/controllers/SiteController.php(32): SiteController->render()
#11 /Users/derekorgan/Sites/docaid/framework/web/actions/CInlineAction.php(50): SiteController->actionIndex()
#12 /Users/derekorgan/Sites/docaid/framework/web/CController.php(300): CInlineAction->runWithParams()
#13 /Users/derekorgan/Sites/docaid/framework/web/CController.php(278): SiteController->runAction()
#14 /Users/derekorgan/Sites/docaid/framework/web/CController.php(257): SiteController->runActionWithFilters()
#15 /Users/derekorgan/Sites/docaid/framework/web/CWebApplication.php(277): SiteController->run()
#16 /Users/derekorgan/Sites/docaid/framework/web/CWebApplication.php(136): CWebApplication->runController()
#17 /Users/derekorgan/Sites/docaid/framework/base/CApplication.php(158): CWebApplication->processRequest()
#18 /Users/derekorgan/Sites/docaid/www/index.php(15): CWebApplication->run()
REQUEST_URI=/
in /Users/derekorgan/Sites/docaid/www/protected/views/layouts/main.php (48)
in /Users/derekorgan/Sites/docaid/www/protected/views/layouts/column1.php (7)
in /Users/derekorgan/Sites/docaid/www/protected/controllers/SiteController.php (32)
2011/11/24 19:07:05 [error] [exception.CHttpException.404] exception 'CHttpException' with message 'Unable to resolve the request "gii".' in /Users/derekorgan/Sites/docaid/framework/web/CWebApplication.php:281
Stack trace:
#0 /Users/derekorgan/Sites/docaid/framework/web/CWebApplication.php(136): CWebApplication->runController('gii')
#1 /Users/derekorgan/Sites/docaid/framework/base/CApplication.php(158): CWebApplication->processRequest()
#2 /Users/derekorgan/Sites/docaid/www/index.php(15): CApplication->run()
#3 {main} REQUEST_URI=/index.php?r=gii
2011/11/24 19:10:18 [error] [exception.CHttpException.403] exception 'CHttpException' with message 'You are not allowed to access this page.' in /Users/derekorgan/Sites/docaid/framework/gii/GiiModule.php:163
Stack trace:
#0 /Users/derekorgan/Sites/docaid/framework/web/CController.php(255): GiiModule->beforeControllerAction(Object(DefaultController), Object(CInlineAction))
#1 /Users/derekorgan/Sites/docaid/framework/web/CWebApplication.php(277): CController->run('')
#2 /Users/derekorgan/Sites/docaid/framework/web/CWebApplication.php(136): CWebApplication->runController('gii')
#3 /Users/derekorgan/Sites/docaid/framework/base/CApplication.php(158): CWebApplication->processRequest()
#4 /Users/derekorgan/Sites/docaid/www/index.php(15): CApplication->run()
#5 {main} REQUEST_URI=/index.php?r=gii
2011/11/24 19:10:40 [error] [exception.CHttpException.403] exception 'CHttpException' with message 'You are not allowed to access this page.' in /Users/derekorgan/Sites/docaid/framework/gii/GiiModule.php:163
Stack trace:
#0 /Users/derekorgan/Sites/docaid/framework/web/CController.php(255): GiiModule->beforeControllerAction(Object(DefaultController), Object(CInlineAction))
#1 /Users/derekorgan/Sites/docaid/framework/web/CWebApplication.php(277): CController->run('')
#2 /Users/derekorgan/Sites/docaid/framework/web/CWebApplication.php(136): CWebApplication->runController('gii')
#3 /Users/derekorgan/Sites/docaid/framework/base/CApplication.php(158): CWebApplication->processRequest()
#4 /Users/derekorgan/Sites/docaid/www/index.php(15): CApplication->run()
#5 {main} REQUEST_URI=/index.php?r=gii
2011/11/24 19:13:02 [error] [exception.CHttpException.403] exception 'CHttpException' with message 'You are not allowed to access this page.' in /Users/derekorgan/Sites/docaid/framework/gii/GiiModule.php:163
Stack trace:
#0 /Users/derekorgan/Sites/docaid/framework/web/CController.php(255): GiiModule->beforeControllerAction(Object(DefaultController), Object(CInlineAction))
#1 /Users/derekorgan/Sites/docaid/framework/web/CWebApplication.php(277): CController->run('')
#2 /Users/derekorgan/Sites/docaid/framework/web/CWebApplication.php(136): CWebApplication->runController('gii')
#3 /Users/derekorgan/Sites/docaid/framework/base/CApplication.php(158): CWebApplication->processRequest()
#4 /Users/derekorgan/Sites/docaid/www/index.php(15): CApplication->run()
#5 {main} REQUEST_URI=/index.php?r=gii
2011/11/24 19:13:40 [error] [exception.CHttpException.403] exception 'CHttpException' with message 'You are not allowed to access this page.' in /Users/derekorgan/Sites/docaid/framework/gii/GiiModule.php:163
Stack trace:
#0 /Users/derekorgan/Sites/docaid/framework/web/CController.php(255): GiiModule->beforeControllerAction(Object(DefaultController), Object(CInlineAction))
#1 /Users/derekorgan/Sites/docaid/framework/web/CWebApplication.php(277): CController->run('')
#2 /Users/derekorgan/Sites/docaid/framework/web/CWebApplication.php(136): CWebApplication->runController('gii')
#3 /Users/derekorgan/Sites/docaid/framework/base/CApplication.php(158): CWebApplication->processRequest()
#4 /Users/derekorgan/Sites/docaid/www/index.php(15): CApplication->run()
#5 {main} REQUEST_URI=/index.php?r=gii
2011/11/24 19:14:15 [error] [exception.CHttpException.403] exception 'CHttpException' with message 'You are not allowed to access this page.' in /Users/derekorgan/Sites/docaid/framework/gii/GiiModule.php:163
Stack trace:
#0 /Users/derekorgan/Sites/docaid/framework/web/CController.php(255): GiiModule->beforeControllerAction(Object(DefaultController), Object(CInlineAction))
#1 /Users/derekorgan/Sites/docaid/framework/web/CWebApplication.php(277): CController->run('')
#2 /Users/derekorgan/Sites/docaid/framework/web/CWebApplication.php(136): CWebApplication->runController('gii')
#3 /Users/derekorgan/Sites/docaid/framework/base/CApplication.php(158): CWebApplication->processRequest()
#4 /Users/derekorgan/Sites/docaid/www/index.php(15): CApplication->run()
#5 {main} REQUEST_URI=/index.php?r=gii
2011/11/24 19:14:18 [error] [exception.CHttpException.403] exception 'CHttpException' with message 'You are not allowed to access this page.' in /Users/derekorgan/Sites/docaid/framework/gii/GiiModule.php:163
Stack trace:
#0 /Users/derekorgan/Sites/docaid/framework/web/CController.php(255): GiiModule->beforeControllerAction(Object(DefaultController), Object(CInlineAction))
#1 /Users/derekorgan/Sites/docaid/framework/web/CWebApplication.php(277): CController->run('')
#2 /Users/derekorgan/Sites/docaid/framework/web/CWebApplication.php(136): CWebApplication->runController('gii')
#3 /Users/derekorgan/Sites/docaid/framework/base/CApplication.php(158): CWebApplication->processRequest()
#4 /Users/derekorgan/Sites/docaid/www/index.php(15): CApplication->run()
#5 {main} REQUEST_URI=/index.php?r=gii
2011/11/24 19:14:48 [error] [exception.CHttpException.403] exception 'CHttpException' with message 'You are not allowed to access this page.' in /Users/derekorgan/Sites/docaid/framework/gii/GiiModule.php:163
Stack trace:
#0 /Users/derekorgan/Sites/docaid/framework/web/CController.php(255): GiiModule->beforeControllerAction(Object(DefaultController), Object(CInlineAction))
#1 /Users/derekorgan/Sites/docaid/framework/web/CWebApplication.php(277): CController->run('')
#2 /Users/derekorgan/Sites/docaid/framework/web/CWebApplication.php(136): CWebApplication->runController('gii')
#3 /Users/derekorgan/Sites/docaid/framework/base/CApplication.php(158): CWebApplication->processRequest()
#4 /Users/derekorgan/Sites/docaid/www/index.php(15): CApplication->run()
#5 {main} REQUEST_URI=/index.php?r=gii
2011/11/24 20:41:20 [error] [php] PDO::__construct(): [2002] No such file or directory (trying to connect via unix:///var/mysql/mysql.sock) (/Users/derekorgan/Sites/docaid/framework/db/CDbConnection.php:405)
Stack trace:
#0 /Users/derekorgan/Sites/docaid/framework/db/CDbConnection.php(313): CDbConnection->open()
#1 /Users/derekorgan/Sites/docaid/framework/db/CDbConnection.php(291): CDbConnection->setActive()
#2 /Users/derekorgan/Sites/docaid/framework/base/CModule.php(372): CDbConnection->init()
#3 /Users/derekorgan/Sites/docaid/framework/base/CModule.php(86): CWebApplication->getComponent()
#4 /Users/derekorgan/Sites/docaid/framework/gii/generators/model/ModelCode.php(54): CWebApplication->__get()
#5 /Users/derekorgan/Sites/docaid/framework/web/CFormModel.php(40): ModelCode->init()
#6 /Users/derekorgan/Sites/docaid/framework/gii/CCodeGenerator.php(149): ModelCode->__construct()
#7 /Users/derekorgan/Sites/docaid/framework/gii/CCodeGenerator.php(61): ModelGenerator->prepare()
#8 /Users/derekorgan/Sites/docaid/framework/web/actions/CInlineAction.php(50): ModelGenerator->actionIndex()
#9 /Users/derekorgan/Sites/docaid/framework/web/CController.php(300): CInlineAction->runWithParams()
#10 /Users/derekorgan/Sites/docaid/framework/web/CController.php(278): ModelGenerator->runAction()
#11 /Users/derekorgan/Sites/docaid/framework/web/CController.php(257): ModelGenerator->runActionWithFilters()
#12 /Users/derekorgan/Sites/docaid/framework/web/CWebApplication.php(277): ModelGenerator->run()
#13 /Users/derekorgan/Sites/docaid/framework/web/CWebApplication.php(136): CWebApplication->runController()
#14 /Users/derekorgan/Sites/docaid/framework/base/CApplication.php(158): CWebApplication->processRequest()
#15 /Users/derekorgan/Sites/docaid/www/index.php(15): CWebApplication->run()
REQUEST_URI=/~derekorgan/docaid/www/index.php?r=gii/model
in /Users/derekorgan/Sites/docaid/www/index.php (15)
2011/11/24 20:41:30 [error] [php] PDO::__construct(): [2002] No such file or directory (trying to connect via unix:///var/mysql/mysql.sock) (/Users/derekorgan/Sites/docaid/framework/db/CDbConnection.php:405)
Stack trace:
#0 /Users/derekorgan/Sites/docaid/framework/db/CDbConnection.php(313): CDbConnection->open()
#1 /Users/derekorgan/Sites/docaid/framework/db/CDbConnection.php(291): CDbConnection->setActive()
#2 /Users/derekorgan/Sites/docaid/framework/base/CModule.php(372): CDbConnection->init()
#3 /Users/derekorgan/Sites/docaid/framework/base/CModule.php(86): CWebApplication->getComponent()
#4 /Users/derekorgan/Sites/docaid/framework/gii/generators/model/ModelCode.php(54): CWebApplication->__get()
#5 /Users/derekorgan/Sites/docaid/framework/web/CFormModel.php(40): ModelCode->init()
#6 /Users/derekorgan/Sites/docaid/framework/gii/CCodeGenerator.php(149): ModelCode->__construct()
#7 /Users/derekorgan/Sites/docaid/framework/gii/CCodeGenerator.php(61): ModelGenerator->prepare()
#8 /Users/derekorgan/Sites/docaid/framework/web/actions/CInlineAction.php(50): ModelGenerator->actionIndex()
#9 /Users/derekorgan/Sites/docaid/framework/web/CController.php(300): CInlineAction->runWithParams()
#10 /Users/derekorgan/Sites/docaid/framework/web/CController.php(278): ModelGenerator->runAction()
#11 /Users/derekorgan/Sites/docaid/framework/web/CController.php(257): ModelGenerator->runActionWithFilters()
#12 /Users/derekorgan/Sites/docaid/framework/web/CWebApplication.php(277): ModelGenerator->run()
#13 /Users/derekorgan/Sites/docaid/framework/web/CWebApplication.php(136): CWebApplication->runController()
#14 /Users/derekorgan/Sites/docaid/framework/base/CApplication.php(158): CWebApplication->processRequest()
#15 /Users/derekorgan/Sites/docaid/www/index.php(15): CWebApplication->run()
REQUEST_URI=/~derekorgan/docaid/www/index.php?r=gii/model
in /Users/derekorgan/Sites/docaid/www/index.php (15)
2011/11/24 20:41:33 [error] [php] PDO::__construct(): [2002] No such file or directory (trying to connect via unix:///var/mysql/mysql.sock) (/Users/derekorgan/Sites/docaid/framework/db/CDbConnection.php:405)
Stack trace:
#0 /Users/derekorgan/Sites/docaid/framework/db/CDbConnection.php(313): CDbConnection->open()
#1 /Users/derekorgan/Sites/docaid/framework/db/CDbConnection.php(291): CDbConnection->setActive()
#2 /Users/derekorgan/Sites/docaid/framework/base/CModule.php(372): CDbConnection->init()
#3 /Users/derekorgan/Sites/docaid/framework/base/CModule.php(86): CWebApplication->getComponent()
#4 /Users/derekorgan/Sites/docaid/framework/gii/generators/model/ModelCode.php(54): CWebApplication->__get()
#5 /Users/derekorgan/Sites/docaid/framework/web/CFormModel.php(40): ModelCode->init()
#6 /Users/derekorgan/Sites/docaid/framework/gii/CCodeGenerator.php(149): ModelCode->__construct()
#7 /Users/derekorgan/Sites/docaid/framework/gii/CCodeGenerator.php(61): ModelGenerator->prepare()
#8 /Users/derekorgan/Sites/docaid/framework/web/actions/CInlineAction.php(50): ModelGenerator->actionIndex()
#9 /Users/derekorgan/Sites/docaid/framework/web/CController.php(300): CInlineAction->runWithParams()
#10 /Users/derekorgan/Sites/docaid/framework/web/CController.php(278): ModelGenerator->runAction()
#11 /Users/derekorgan/Sites/docaid/framework/web/CController.php(257): ModelGenerator->runActionWithFilters()
#12 /Users/derekorgan/Sites/docaid/framework/web/CWebApplication.php(277): ModelGenerator->run()
#13 /Users/derekorgan/Sites/docaid/framework/web/CWebApplication.php(136): CWebApplication->runController()
#14 /Users/derekorgan/Sites/docaid/framework/base/CApplication.php(158): CWebApplication->processRequest()
#15 /Users/derekorgan/Sites/docaid/www/index.php(15): CWebApplication->run()
REQUEST_URI=/~derekorgan/docaid/www/index.php?r=gii/model
in /Users/derekorgan/Sites/docaid/www/index.php (15)
2011/11/24 20:41:44 [error] [php] PDO::__construct(): [2002] No such file or directory (trying to connect via unix:///var/mysql/mysql.sock) (/Users/derekorgan/Sites/docaid/framework/db/CDbConnection.php:405)
Stack trace:
#0 /Users/derekorgan/Sites/docaid/framework/db/CDbConnection.php(313): CDbConnection->open()
#1 /Users/derekorgan/Sites/docaid/framework/db/CDbConnection.php(291): CDbConnection->setActive()
#2 /Users/derekorgan/Sites/docaid/framework/base/CModule.php(372): CDbConnection->init()
#3 /Users/derekorgan/Sites/docaid/framework/base/CModule.php(86): CWebApplication->getComponent()
#4 /Users/derekorgan/Sites/docaid/framework/gii/generators/crud/CrudCode.php(44): CWebApplication->__get()
#5 /Users/derekorgan/Sites/docaid/framework/web/CFormModel.php(40): CrudCode->init()
#6 /Users/derekorgan/Sites/docaid/framework/gii/CCodeGenerator.php(149): CrudCode->__construct()
#7 /Users/derekorgan/Sites/docaid/framework/gii/CCodeGenerator.php(61): CrudGenerator->prepare()
#8 /Users/derekorgan/Sites/docaid/framework/web/actions/CInlineAction.php(50): CrudGenerator->actionIndex()
#9 /Users/derekorgan/Sites/docaid/framework/web/CController.php(300): CInlineAction->runWithParams()
#10 /Users/derekorgan/Sites/docaid/framework/web/CController.php(278): CrudGenerator->runAction()
#11 /Users/derekorgan/Sites/docaid/framework/web/CController.php(257): CrudGenerator->runActionWithFilters()
#12 /Users/derekorgan/Sites/docaid/framework/web/CWebApplication.php(277): CrudGenerator->run()
#13 /Users/derekorgan/Sites/docaid/framework/web/CWebApplication.php(136): CWebApplication->runController()
#14 /Users/derekorgan/Sites/docaid/framework/base/CApplication.php(158): CWebApplication->processRequest()
#15 /Users/derekorgan/Sites/docaid/www/index.php(15): CWebApplication->run()
REQUEST_URI=/~derekorgan/docaid/www/index.php?r=gii/crud
in /Users/derekorgan/Sites/docaid/www/index.php (15)
2011/11/24 20:41:49 [error] [php] PDO::__construct(): [2002] No such file or directory (trying to connect via unix:///var/mysql/mysql.sock) (/Users/derekorgan/Sites/docaid/framework/db/CDbConnection.php:405)
Stack trace:
#0 /Users/derekorgan/Sites/docaid/framework/db/CDbConnection.php(313): CDbConnection->open()
#1 /Users/derekorgan/Sites/docaid/framework/db/CDbConnection.php(291): CDbConnection->setActive()
#2 /Users/derekorgan/Sites/docaid/framework/base/CModule.php(372): CDbConnection->init()
#3 /Users/derekorgan/Sites/docaid/framework/base/CModule.php(86): CWebApplication->getComponent()
#4 /Users/derekorgan/Sites/docaid/framework/gii/generators/model/ModelCode.php(54): CWebApplication->__get()
#5 /Users/derekorgan/Sites/docaid/framework/web/CFormModel.php(40): ModelCode->init()
#6 /Users/derekorgan/Sites/docaid/framework/gii/CCodeGenerator.php(149): ModelCode->__construct()
#7 /Users/derekorgan/Sites/docaid/framework/gii/CCodeGenerator.php(61): ModelGenerator->prepare()
#8 /Users/derekorgan/Sites/docaid/framework/web/actions/CInlineAction.php(50): ModelGenerator->actionIndex()
#9 /Users/derekorgan/Sites/docaid/framework/web/CController.php(300): CInlineAction->runWithParams()
#10 /Users/derekorgan/Sites/docaid/framework/web/CController.php(278): ModelGenerator->runAction()
#11 /Users/derekorgan/Sites/docaid/framework/web/CController.php(257): ModelGenerator->runActionWithFilters()
#12 /Users/derekorgan/Sites/docaid/framework/web/CWebApplication.php(277): ModelGenerator->run()
#13 /Users/derekorgan/Sites/docaid/framework/web/CWebApplication.php(136): CWebApplication->runController()
#14 /Users/derekorgan/Sites/docaid/framework/base/CApplication.php(158): CWebApplication->processRequest()
#15 /Users/derekorgan/Sites/docaid/www/index.php(15): CWebApplication->run()
REQUEST_URI=/~derekorgan/docaid/www/index.php?r=gii/model
in /Users/derekorgan/Sites/docaid/www/index.php (15)
2011/11/24 20:42:28 [error] [php] PDO::__construct(): [2002] No such file or directory (trying to connect via unix:///var/mysql/mysql.sock) (/Users/derekorgan/Sites/docaid/framework/db/CDbConnection.php:405)
Stack trace:
#0 /Users/derekorgan/Sites/docaid/framework/db/CDbConnection.php(313): CDbConnection->open()
#1 /Users/derekorgan/Sites/docaid/framework/db/CDbConnection.php(291): CDbConnection->setActive()
#2 /Users/derekorgan/Sites/docaid/framework/base/CModule.php(372): CDbConnection->init()
#3 /Users/derekorgan/Sites/docaid/framework/base/CModule.php(86): CWebApplication->getComponent()
#4 /Users/derekorgan/Sites/docaid/framework/gii/generators/model/ModelCode.php(54): CWebApplication->__get()
#5 /Users/derekorgan/Sites/docaid/framework/web/CFormModel.php(40): ModelCode->init()
#6 /Users/derekorgan/Sites/docaid/framework/gii/CCodeGenerator.php(149): ModelCode->__construct()
#7 /Users/derekorgan/Sites/docaid/framework/gii/CCodeGenerator.php(61): ModelGenerator->prepare()
#8 /Users/derekorgan/Sites/docaid/framework/web/actions/CInlineAction.php(50): ModelGenerator->actionIndex()
#9 /Users/derekorgan/Sites/docaid/framework/web/CController.php(300): CInlineAction->runWithParams()
#10 /Users/derekorgan/Sites/docaid/framework/web/CController.php(278): ModelGenerator->runAction()
#11 /Users/derekorgan/Sites/docaid/framework/web/CController.php(257): ModelGenerator->runActionWithFilters()
#12 /Users/derekorgan/Sites/docaid/framework/web/CWebApplication.php(277): ModelGenerator->run()
#13 /Users/derekorgan/Sites/docaid/framework/web/CWebApplication.php(136): CWebApplication->runController()
#14 /Users/derekorgan/Sites/docaid/framework/base/CApplication.php(158): CWebApplication->processRequest()
#15 /Users/derekorgan/Sites/docaid/www/index.php(15): CWebApplication->run()
REQUEST_URI=/~derekorgan/docaid/www/index.php?r=gii/model
in /Users/derekorgan/Sites/docaid/www/index.php (15)
2011/11/26 18:58:59 [error] [exception.CHttpException.404] exception 'CHttpException' with message 'The system is unable to find the requested action "hospital".' in /Users/derekorgan/Sites/docaid/framework/web/CController.php:477
Stack trace:
#0 /Users/derekorgan/Sites/docaid/framework/web/CController.php(262): CController->missingAction('hospital')
#1 /Users/derekorgan/Sites/docaid/framework/web/CWebApplication.php(277): CController->run('hospital')
#2 /Users/derekorgan/Sites/docaid/framework/web/CWebApplication.php(136): CWebApplication->runController('site/hospital')
#3 /Users/derekorgan/Sites/docaid/framework/base/CApplication.php(158): CWebApplication->processRequest()
#4 /Users/derekorgan/Sites/docaid/www/index.php(15): CApplication->run()
#5 {main} REQUEST_URI=/index.php?r=site/hospital
